<?xml version="1.0" encoding="UTF-8"?>
<testsuite name="com.todayfruit.TodayFruitApplicationTests" tests="1" skipped="0" failures="0" errors="0" timestamp="2022-05-18T06:09:01" hostname="DESKTOP-GG4TMOB" time="0.274">
  <properties/>
  <testcase name="contextLoads()" classname="com.todayfruit.TodayFruitApplicationTests" time="0.274"/>
  <system-out><![CDATA[15:08:52.153 [Test worker] DEBUG org.springframework.test.context.BootstrapUtils - Instantiating CacheAwareContextLoaderDelegate from class [org.springframework.test.context.cache.DefaultCacheAwareContextLoaderDelegate]
15:08:52.166 [Test worker] DEBUG org.springframework.test.context.BootstrapUtils - Instantiating BootstrapContext using constructor [public org.springframework.test.context.support.DefaultBootstrapContext(java.lang.Class,org.springframework.test.context.CacheAwareContextLoaderDelegate)]
15:08:52.199 [Test worker] DEBUG org.springframework.test.context.BootstrapUtils - Instantiating TestContextBootstrapper for test class [com.todayfruit.TodayFruitApplicationTests] from class [org.springframework.boot.test.context.SpringBootTestContextBootstrapper]
15:08:52.212 [Test worker] INFO org.springframework.boot.test.context.SpringBootTestContextBootstrapper - Neither @ContextConfiguration nor @ContextHierarchy found for test class [com.todayfruit.TodayFruitApplicationTests], using SpringBootContextLoader
15:08:52.216 [Test worker] DEBUG org.springframework.test.context.support.AbstractContextLoader - Did not detect default resource location for test class [com.todayfruit.TodayFruitApplicationTests]: class path resource [com/todayfruit/TodayFruitApplicationTests-context.xml] does not exist
15:08:52.217 [Test worker] DEBUG org.springframework.test.context.support.AbstractContextLoader - Did not detect default resource location for test class [com.todayfruit.TodayFruitApplicationTests]: class path resource [com/todayfruit/TodayFruitApplicationTestsContext.groovy] does not exist
15:08:52.217 [Test worker] INFO org.springframework.test.context.support.AbstractContextLoader - Could not detect default resource locations for test class [com.todayfruit.TodayFruitApplicationTests]: no resource found for suffixes {-context.xml, Context.groovy}.
15:08:52.218 [Test worker] INFO org.springframework.test.context.support.AnnotationConfigContextLoaderUtils - Could not detect default configuration classes for test class [com.todayfruit.TodayFruitApplicationTests]: TodayFruitApplicationTests does not declare any static, non-private, non-final, nested classes annotated with @Configuration.
15:08:52.265 [Test worker] DEBUG org.springframework.test.context.support.ActiveProfilesUtils - Could not find an 'annotation declaring class' for annotation type [org.springframework.test.context.ActiveProfiles] and class [com.todayfruit.TodayFruitApplicationTests]
15:08:52.320 [Test worker] DEBUG org.springframework.context.annotation.ClassPathScanningCandidateComponentProvider - Identified candidate component class: file [D:\Project\IntelliJ\TodayFruit_Clone_Server\build\classes\java\main\com\todayfruit\TodayFruitApplication.class]
15:08:52.321 [Test worker] INFO org.springframework.boot.test.context.SpringBootTestContextBootstrapper - Found @SpringBootConfiguration com.todayfruit.TodayFruitApplication for test class com.todayfruit.TodayFruitApplicationTests
15:08:52.430 [Test worker] DEBUG org.springframework.boot.test.context.SpringBootTestContextBootstrapper - @TestExecutionListeners is not present for class [com.todayfruit.TodayFruitApplicationTests]: using defaults.
15:08:52.431 [Test worker] INFO org.springframework.boot.test.context.SpringBootTestContextBootstrapper - Loaded default TestExecutionListener class names from location [META-INF/spring.factories]: [org.springframework.boot.test.autoconfigure.restdocs.RestDocsTestExecutionListener, org.springframework.boot.test.autoconfigure.web.client.MockRestServiceServerResetTestExecutionListener, org.springframework.boot.test.autoconfigure.web.servlet.MockMvcPrintOnlyOnFailureTestExecutionListener, org.springframework.boot.test.autoconfigure.web.servlet.WebDriverTestExecutionListener, org.springframework.boot.test.autoconfigure.webservices.client.MockWebServiceServerTestExecutionListener, org.springframework.boot.test.mock.mockito.MockitoTestExecutionListener, org.springframework.boot.test.mock.mockito.ResetMocksTestExecutionListener, org.springframework.test.context.web.ServletTestExecutionListener, org.springframework.test.context.support.DirtiesContextBeforeModesTestExecutionListener, org.springframework.test.context.event.ApplicationEventsTestExecutionListener, org.springframework.test.context.support.DependencyInjectionTestExecutionListener, org.springframework.test.context.support.DirtiesContextTestExecutionListener, org.springframework.test.context.transaction.TransactionalTestExecutionListener, org.springframework.test.context.jdbc.SqlScriptsTestExecutionListener, org.springframework.test.context.event.EventPublishingTestExecutionListener]
15:08:52.447 [Test worker] INFO org.springframework.boot.test.context.SpringBootTestContextBootstrapper - Using TestExecutionListeners: [org.springframework.test.context.web.ServletTestExecutionListener@f5c79a6, org.springframework.test.context.support.DirtiesContextBeforeModesTestExecutionListener@669253b7, org.springframework.test.context.event.ApplicationEventsTestExecutionListener@5305c37d, org.springframework.boot.test.mock.mockito.MockitoTestExecutionListener@51a06cbe, org.springframework.boot.test.autoconfigure.SpringBootDependencyInjectionTestExecutionListener@3dddbe65, org.springframework.test.context.support.DirtiesContextTestExecutionListener@49a64d82, org.springframework.test.context.transaction.TransactionalTestExecutionListener@344561e0, org.springframework.test.context.jdbc.SqlScriptsTestExecutionListener@66d23e4a, org.springframework.test.context.event.EventPublishingTestExecutionListener@36ac8a63, org.springframework.boot.test.autoconfigure.restdocs.RestDocsTestExecutionListener@4d9d1b69, org.springframework.boot.test.autoconfigure.web.client.MockRestServiceServerResetTestExecutionListener@52c8295b, org.springframework.boot.test.autoconfigure.web.servlet.MockMvcPrintOnlyOnFailureTestExecutionListener@251f7d26, org.springframework.boot.test.autoconfigure.web.servlet.WebDriverTestExecutionListener@77b21474, org.springframework.boot.test.autoconfigure.webservices.client.MockWebServiceServerTestExecutionListener@52d10fb8, org.springframework.boot.test.mock.mockito.ResetMocksTestExecutionListener@41c07648]
15:08:52.451 [Test worker] DEBUG org.springframework.test.context.support.AbstractDirtiesContextTestExecutionListener - Before test class: context [DefaultTestContext@7cd1ac19 testClass = TodayFruitApplicationTests, testInstance = [null], testMethod = [null], testException = [null], mergedContextConfiguration = [WebMergedContextConfiguration@2f40a43 testClass = TodayFruitApplicationTests, locations = '{}', classes = '{class com.todayfruit.TodayFruitApplication}', contextInitializerClasses = '[]', activeProfiles = '{}', propertySourceLocations = '{}', propertySourceProperties = '{org.springframework.boot.test.context.SpringBootTestContextBootstrapper=true}', contextCustomizers = set[org.springframework.boot.test.autoconfigure.actuate.metrics.MetricsExportContextCustomizerFactory$DisableMetricExportContextCustomizer@3fa2213, org.springframework.boot.test.autoconfigure.properties.PropertyMappingContextCustomizer@0, org.springframework.boot.test.autoconfigure.web.servlet.WebDriverContextCustomizerFactory$Customizer@29df4d43, org.springframework.boot.test.context.filter.ExcludeFilterContextCustomizer@75f65e45, org.springframework.boot.test.json.DuplicateJsonObjectContextCustomizerFactory$DuplicateJsonObjectContextCustomizer@a5bd950, org.springframework.boot.test.mock.mockito.MockitoContextCustomizer@0, org.springframework.boot.test.web.client.TestRestTemplateContextCustomizer@163d04ff, org.springframework.boot.test.context.SpringBootTestArgs@1, org.springframework.boot.test.context.SpringBootTestWebEnvironment@3576ddc2], resourceBasePath = 'src/main/webapp', contextLoader = 'org.springframework.boot.test.context.SpringBootContextLoader', parent = [null]], attributes = map['org.springframework.test.context.web.ServletTestExecutionListener.activateListener' -> true]], class annotated with @DirtiesContext [false] with mode [null].

  .   ____          _            __ _ _
 /\\ / ___'_ __ _ _(_)_ __  __ _ \ \ \ \
( ( )\___ | '_ | '_| | '_ \/ _` | \ \ \ \
 \\/  ___)| |_)| | | | | || (_| |  ) ) ) )
  '  |____| .__|_| |_|_| |_\__, | / / / /
 =========|_|==============|___/=/_/_/_/
 :: Spring Boot ::                (v2.6.7)

2022-05-18 15:08:52.838  INFO 20440 --- [    Test worker] c.todayfruit.TodayFruitApplicationTests  : Starting TodayFruitApplicationTests using Java 11.0.14 on DESKTOP-GG4TMOB with PID 20440 (started by User in D:\Project\IntelliJ\TodayFruit_Clone_Server)
2022-05-18 15:08:52.840  INFO 20440 --- [    Test worker] c.todayfruit.TodayFruitApplicationTests  : No active profile set, falling back to 1 default profile: "default"
2022-05-18 15:08:53.740  INFO 20440 --- [    Test worker] .s.d.r.c.RepositoryConfigurationDelegate : Bootstrapping Spring Data JPA repositories in DEFAULT mode.
2022-05-18 15:08:53.825  INFO 20440 --- [    Test worker] .s.d.r.c.RepositoryConfigurationDelegate : Finished Spring Data repository scanning in 76 ms. Found 7 JPA repository interfaces.
2022-05-18 15:08:55.373  INFO 20440 --- [    Test worker] o.hibernate.jpa.internal.util.LogHelper  : HHH000204: Processing PersistenceUnitInfo [name: default]
2022-05-18 15:08:56.183  INFO 20440 --- [    Test worker] org.hibernate.Version                    : HHH000412: Hibernate ORM core version 5.6.8.Final
2022-05-18 15:08:56.523  INFO 20440 --- [    Test worker] o.hibernate.annotations.common.Version   : HCANN000001: Hibernate Commons Annotations {5.1.2.Final}
2022-05-18 15:08:56.874  INFO 20440 --- [    Test worker] com.zaxxer.hikari.HikariDataSource       : HikariPool-1 - Starting...
2022-05-18 15:08:57.349  INFO 20440 --- [    Test worker] com.zaxxer.hikari.HikariDataSource       : HikariPool-1 - Start completed.
2022-05-18 15:08:57.386  INFO 20440 --- [    Test worker] org.hibernate.dialect.Dialect            : HHH000400: Using dialect: org.hibernate.dialect.MySQL8Dialect
2022-05-18 15:08:58.765  INFO 20440 --- [    Test worker] o.h.e.t.j.p.i.JtaPlatformInitiator       : HHH000490: Using JtaPlatform implementation: [org.hibernate.engine.transaction.jta.platform.internal.NoJtaPlatform]
2022-05-18 15:08:58.779  INFO 20440 --- [    Test worker] j.LocalContainerEntityManagerFactoryBean : Initialized JPA EntityManagerFactory for persistence unit 'default'
2022-05-18 15:08:58.868  WARN 20440 --- [    Test worker] JpaBaseConfiguration$JpaWebConfiguration : spring.jpa.open-in-view is enabled by default. Therefore, database queries may be performed during view rendering. Explicitly configure spring.jpa.open-in-view to disable this warning
2022-05-18 15:08:59.945  WARN 20440 --- [    Test worker] .s.s.UserDetailsServiceAutoConfiguration : 

Using generated security password: 3f903bdb-5fdb-4b28-b9d2-1dd2406121eb

This generated password is for development use only. Your security configuration must be updated before running your application in production.

2022-05-18 15:09:00.114  INFO 20440 --- [    Test worker] o.s.s.web.DefaultSecurityFilterChain     : Will secure any request with [org.springframework.security.web.context.request.async.WebAsyncManagerIntegrationFilter@5134a7d6, org.springframework.security.web.context.SecurityContextPersistenceFilter@55849272, org.springframework.security.web.header.HeaderWriterFilter@175c26ff, org.springframework.security.web.authentication.logout.LogoutFilter@1e987f59, org.springframework.security.web.savedrequest.RequestCacheAwareFilter@294ebdae, org.springframework.security.web.servletapi.SecurityContextHolderAwareRequestFilter@3093161a, org.springframework.security.web.authentication.AnonymousAuthenticationFilter@3b8a8abc, org.springframework.security.web.session.SessionManagementFilter@2db82155, org.springframework.security.web.access.ExceptionTranslationFilter@445f6aa7]
2022-05-18 15:09:01.643  INFO 20440 --- [    Test worker] c.todayfruit.TodayFruitApplicationTests  : Started TodayFruitApplicationTests in 9.153 seconds (JVM running for 11.235)
]]></system-out>
  <system-err><![CDATA[]]></system-err>
</testsuite>
