<?xml version="1.0" encoding="UTF-8"?>
<testsuite name="com.todayfruit.TodayFruitApplicationTests" tests="1" skipped="0" failures="0" errors="0" timestamp="2022-05-12T11:29:19" hostname="DESKTOP-GG4TMOB" time="0.109">
  <properties/>
  <testcase name="contextLoads()" classname="com.todayfruit.TodayFruitApplicationTests" time="0.109"/>
  <system-out><![CDATA[20:29:12.769 [Test worker] DEBUG org.springframework.test.context.BootstrapUtils - Instantiating CacheAwareContextLoaderDelegate from class [org.springframework.test.context.cache.DefaultCacheAwareContextLoaderDelegate]
20:29:12.780 [Test worker] DEBUG org.springframework.test.context.BootstrapUtils - Instantiating BootstrapContext using constructor [public org.springframework.test.context.support.DefaultBootstrapContext(java.lang.Class,org.springframework.test.context.CacheAwareContextLoaderDelegate)]
20:29:12.821 [Test worker] DEBUG org.springframework.test.context.BootstrapUtils - Instantiating TestContextBootstrapper for test class [com.todayfruit.TodayFruitApplicationTests] from class [org.springframework.boot.test.context.SpringBootTestContextBootstrapper]
20:29:12.834 [Test worker] INFO org.springframework.boot.test.context.SpringBootTestContextBootstrapper - Neither @ContextConfiguration nor @ContextHierarchy found for test class [com.todayfruit.TodayFruitApplicationTests], using SpringBootContextLoader
20:29:12.839 [Test worker] DEBUG org.springframework.test.context.support.AbstractContextLoader - Did not detect default resource location for test class [com.todayfruit.TodayFruitApplicationTests]: class path resource [com/todayfruit/TodayFruitApplicationTests-context.xml] does not exist
20:29:12.839 [Test worker] DEBUG org.springframework.test.context.support.AbstractContextLoader - Did not detect default resource location for test class [com.todayfruit.TodayFruitApplicationTests]: class path resource [com/todayfruit/TodayFruitApplicationTestsContext.groovy] does not exist
20:29:12.839 [Test worker] INFO org.springframework.test.context.support.AbstractContextLoader - Could not detect default resource locations for test class [com.todayfruit.TodayFruitApplicationTests]: no resource found for suffixes {-context.xml, Context.groovy}.
20:29:12.840 [Test worker] INFO org.springframework.test.context.support.AnnotationConfigContextLoaderUtils - Could not detect default configuration classes for test class [com.todayfruit.TodayFruitApplicationTests]: TodayFruitApplicationTests does not declare any static, non-private, non-final, nested classes annotated with @Configuration.
20:29:12.889 [Test worker] DEBUG org.springframework.test.context.support.ActiveProfilesUtils - Could not find an 'annotation declaring class' for annotation type [org.springframework.test.context.ActiveProfiles] and class [com.todayfruit.TodayFruitApplicationTests]
20:29:12.946 [Test worker] DEBUG org.springframework.context.annotation.ClassPathScanningCandidateComponentProvider - Identified candidate component class: file [D:\Project\IntelliJ\TodayFruit_Clone_Server\build\classes\java\main\com\todayfruit\TodayFruitApplication.class]
20:29:12.949 [Test worker] INFO org.springframework.boot.test.context.SpringBootTestContextBootstrapper - Found @SpringBootConfiguration com.todayfruit.TodayFruitApplication for test class com.todayfruit.TodayFruitApplicationTests
20:29:13.054 [Test worker] DEBUG org.springframework.boot.test.context.SpringBootTestContextBootstrapper - @TestExecutionListeners is not present for class [com.todayfruit.TodayFruitApplicationTests]: using defaults.
20:29:13.055 [Test worker] INFO org.springframework.boot.test.context.SpringBootTestContextBootstrapper - Loaded default TestExecutionListener class names from location [META-INF/spring.factories]: [org.springframework.boot.test.autoconfigure.restdocs.RestDocsTestExecutionListener, org.springframework.boot.test.autoconfigure.web.client.MockRestServiceServerResetTestExecutionListener, org.springframework.boot.test.autoconfigure.web.servlet.MockMvcPrintOnlyOnFailureTestExecutionListener, org.springframework.boot.test.autoconfigure.web.servlet.WebDriverTestExecutionListener, org.springframework.boot.test.autoconfigure.webservices.client.MockWebServiceServerTestExecutionListener, org.springframework.boot.test.mock.mockito.MockitoTestExecutionListener, org.springframework.boot.test.mock.mockito.ResetMocksTestExecutionListener, org.springframework.test.context.web.ServletTestExecutionListener, org.springframework.test.context.support.DirtiesContextBeforeModesTestExecutionListener, org.springframework.test.context.event.ApplicationEventsTestExecutionListener, org.springframework.test.context.support.DependencyInjectionTestExecutionListener, org.springframework.test.context.support.DirtiesContextTestExecutionListener, org.springframework.test.context.transaction.TransactionalTestExecutionListener, org.springframework.test.context.jdbc.SqlScriptsTestExecutionListener, org.springframework.test.context.event.EventPublishingTestExecutionListener]
20:29:13.071 [Test worker] INFO org.springframework.boot.test.context.SpringBootTestContextBootstrapper - Using TestExecutionListeners: [org.springframework.test.context.web.ServletTestExecutionListener@f5c79a6, org.springframework.test.context.support.DirtiesContextBeforeModesTestExecutionListener@669253b7, org.springframework.test.context.event.ApplicationEventsTestExecutionListener@5305c37d, org.springframework.boot.test.mock.mockito.MockitoTestExecutionListener@51a06cbe, org.springframework.boot.test.autoconfigure.SpringBootDependencyInjectionTestExecutionListener@3dddbe65, org.springframework.test.context.support.DirtiesContextTestExecutionListener@49a64d82, org.springframework.test.context.transaction.TransactionalTestExecutionListener@344561e0, org.springframework.test.context.jdbc.SqlScriptsTestExecutionListener@66d23e4a, org.springframework.test.context.event.EventPublishingTestExecutionListener@36ac8a63, org.springframework.boot.test.autoconfigure.restdocs.RestDocsTestExecutionListener@4d9d1b69, org.springframework.boot.test.autoconfigure.web.client.MockRestServiceServerResetTestExecutionListener@52c8295b, org.springframework.boot.test.autoconfigure.web.servlet.MockMvcPrintOnlyOnFailureTestExecutionListener@251f7d26, org.springframework.boot.test.autoconfigure.web.servlet.WebDriverTestExecutionListener@77b21474, org.springframework.boot.test.autoconfigure.webservices.client.MockWebServiceServerTestExecutionListener@52d10fb8, org.springframework.boot.test.mock.mockito.ResetMocksTestExecutionListener@41c07648]
20:29:13.079 [Test worker] DEBUG org.springframework.test.context.support.AbstractDirtiesContextTestExecutionListener - Before test class: context [DefaultTestContext@7cd1ac19 testClass = TodayFruitApplicationTests, testInstance = [null], testMethod = [null], testException = [null], mergedContextConfiguration = [WebMergedContextConfiguration@2f40a43 testClass = TodayFruitApplicationTests, locations = '{}', classes = '{class com.todayfruit.TodayFruitApplication}', contextInitializerClasses = '[]', activeProfiles = '{}', propertySourceLocations = '{}', propertySourceProperties = '{org.springframework.boot.test.context.SpringBootTestContextBootstrapper=true}', contextCustomizers = set[org.springframework.boot.test.autoconfigure.actuate.metrics.MetricsExportContextCustomizerFactory$DisableMetricExportContextCustomizer@3fa2213, org.springframework.boot.test.autoconfigure.properties.PropertyMappingContextCustomizer@0, org.springframework.boot.test.autoconfigure.web.servlet.WebDriverContextCustomizerFactory$Customizer@29df4d43, org.springframework.boot.test.context.filter.ExcludeFilterContextCustomizer@75f65e45, org.springframework.boot.test.json.DuplicateJsonObjectContextCustomizerFactory$DuplicateJsonObjectContextCustomizer@a5bd950, org.springframework.boot.test.mock.mockito.MockitoContextCustomizer@0, org.springframework.boot.test.web.client.TestRestTemplateContextCustomizer@163d04ff, org.springframework.boot.test.context.SpringBootTestArgs@1, org.springframework.boot.test.context.SpringBootTestWebEnvironment@3576ddc2], resourceBasePath = 'src/main/webapp', contextLoader = 'org.springframework.boot.test.context.SpringBootContextLoader', parent = [null]], attributes = map['org.springframework.test.context.web.ServletTestExecutionListener.activateListener' -> true]], class annotated with @DirtiesContext [false] with mode [null].

  .   ____          _            __ _ _
 /\\ / ___'_ __ _ _(_)_ __  __ _ \ \ \ \
( ( )\___ | '_ | '_| | '_ \/ _` | \ \ \ \
 \\/  ___)| |_)| | | | | || (_| |  ) ) ) )
  '  |____| .__|_| |_|_| |_\__, | / / / /
 =========|_|==============|___/=/_/_/_/
 :: Spring Boot ::                (v2.6.7)

2022-05-12 20:29:13.471  INFO 4460 --- [    Test worker] c.todayfruit.TodayFruitApplicationTests  : Starting TodayFruitApplicationTests using Java 11.0.14 on DESKTOP-GG4TMOB with PID 4460 (started by User in D:\Project\IntelliJ\TodayFruit_Clone_Server)
2022-05-12 20:29:13.473  INFO 4460 --- [    Test worker] c.todayfruit.TodayFruitApplicationTests  : No active profile set, falling back to 1 default profile: "default"
2022-05-12 20:29:14.348  INFO 4460 --- [    Test worker] .s.d.r.c.RepositoryConfigurationDelegate : Bootstrapping Spring Data JPA repositories in DEFAULT mode.
2022-05-12 20:29:14.432  INFO 4460 --- [    Test worker] .s.d.r.c.RepositoryConfigurationDelegate : Finished Spring Data repository scanning in 74 ms. Found 7 JPA repository interfaces.
2022-05-12 20:29:15.055  INFO 4460 --- [    Test worker] o.hibernate.jpa.internal.util.LogHelper  : HHH000204: Processing PersistenceUnitInfo [name: default]
2022-05-12 20:29:15.119  INFO 4460 --- [    Test worker] org.hibernate.Version                    : HHH000412: Hibernate ORM core version 5.6.8.Final
2022-05-12 20:29:15.319  INFO 4460 --- [    Test worker] o.hibernate.annotations.common.Version   : HCANN000001: Hibernate Commons Annotations {5.1.2.Final}
2022-05-12 20:29:15.453  INFO 4460 --- [    Test worker] com.zaxxer.hikari.HikariDataSource       : HikariPool-1 - Starting...
2022-05-12 20:29:15.951  INFO 4460 --- [    Test worker] com.zaxxer.hikari.HikariDataSource       : HikariPool-1 - Start completed.
2022-05-12 20:29:15.985  INFO 4460 --- [    Test worker] org.hibernate.dialect.Dialect            : HHH000400: Using dialect: org.hibernate.dialect.MySQL8Dialect
2022-05-12 20:29:17.193  INFO 4460 --- [    Test worker] o.h.e.t.j.p.i.JtaPlatformInitiator       : HHH000490: Using JtaPlatform implementation: [org.hibernate.engine.transaction.jta.platform.internal.NoJtaPlatform]
2022-05-12 20:29:17.203  INFO 4460 --- [    Test worker] j.LocalContainerEntityManagerFactoryBean : Initialized JPA EntityManagerFactory for persistence unit 'default'
2022-05-12 20:29:17.283  WARN 4460 --- [    Test worker] JpaBaseConfiguration$JpaWebConfiguration : spring.jpa.open-in-view is enabled by default. Therefore, database queries may be performed during view rendering. Explicitly configure spring.jpa.open-in-view to disable this warning
2022-05-12 20:29:18.222  WARN 4460 --- [    Test worker] .s.s.UserDetailsServiceAutoConfiguration : 

Using generated security password: f0c2dfd2-71e9-4fa0-9605-131b9e44d1eb

This generated password is for development use only. Your security configuration must be updated before running your application in production.

2022-05-12 20:29:18.388  INFO 4460 --- [    Test worker] o.s.s.web.DefaultSecurityFilterChain     : Will secure any request with [org.springframework.security.web.context.request.async.WebAsyncManagerIntegrationFilter@2ae07dbd, org.springframework.security.web.context.SecurityContextPersistenceFilter@1f4b8027, org.springframework.security.web.header.HeaderWriterFilter@6d6ddeb5, org.springframework.security.web.authentication.logout.LogoutFilter@2c8c42c, org.springframework.security.web.savedrequest.RequestCacheAwareFilter@c5e7696, org.springframework.security.web.servletapi.SecurityContextHolderAwareRequestFilter@3b38f032, org.springframework.security.web.authentication.AnonymousAuthenticationFilter@e7ddf8d, org.springframework.security.web.session.SessionManagementFilter@d164938, org.springframework.security.web.access.ExceptionTranslationFilter@4e312811]
2022-05-12 20:29:19.246  INFO 4460 --- [    Test worker] c.todayfruit.TodayFruitApplicationTests  : Started TodayFruitApplicationTests in 6.13 seconds (JVM running for 8.004)
]]></system-out>
  <system-err><![CDATA[]]></system-err>
</testsuite>
